Start testing: Nov 08 09:12 RTZ 2 (çèìà)
----------------------------------------------------------
1/25 Testing: ConstructorTest.DefaultConstructor
1/25 Test: ConstructorTest.DefaultConstructor
Command: "E:/1/Creativity/Projects/C++/gameAlgs/Lab2/build/gTest.exe" "--gtest_filter=ConstructorTest.DefaultConstructor" "--gtest_also_run_disabled_tests"
Directory: E:/1/Creativity/Projects/C++/gameAlgs/Lab2/build
"ConstructorTest.DefaultConstructor" start time: Nov 08 09:12 RTZ 2 (çèìà)
Output:
----------------------------------------------------------
Running main() from E:\1\Creativity\Projects\C++\gameAlgs\Lab2\googletest\googletest\src\gtest_main.cc
Note: Google Test filter = ConstructorTest.DefaultConstructor
[==========] Running 1 test from 1 test suite.
[----------] Global test environment set-up.
[----------] 1 test from ConstructorTest
[ RUN      ] ConstructorTest.DefaultConstructor
[       OK ] ConstructorTest.DefaultConstructor (0 ms)
[----------] 1 test from ConstructorTest (0 ms total)

[----------] Global test environment tear-down
[==========] 1 test from 1 test suite ran. (0 ms total)
[  PASSED  ] 1 test.
<end of output>
Test time =   0.01 sec
----------------------------------------------------------
Test Passed.
"ConstructorTest.DefaultConstructor" end time: Nov 08 09:12 RTZ 2 (çèìà)
"ConstructorTest.DefaultConstructor" time elapsed: 00:00:00
----------------------------------------------------------

2/25 Testing: ConstructorTest.IntParamConstructor
2/25 Test: ConstructorTest.IntParamConstructor
Command: "E:/1/Creativity/Projects/C++/gameAlgs/Lab2/build/gTest.exe" "--gtest_filter=ConstructorTest.IntParamConstructor" "--gtest_also_run_disabled_tests"
Directory: E:/1/Creativity/Projects/C++/gameAlgs/Lab2/build
"ConstructorTest.IntParamConstructor" start time: Nov 08 09:12 RTZ 2 (çèìà)
Output:
----------------------------------------------------------
Running main() from E:\1\Creativity\Projects\C++\gameAlgs\Lab2\googletest\googletest\src\gtest_main.cc
Note: Google Test filter = ConstructorTest.IntParamConstructor
[==========] Running 1 test from 1 test suite.
[----------] Global test environment set-up.
[----------] 1 test from ConstructorTest
[ RUN      ] ConstructorTest.IntParamConstructor
[       OK ] ConstructorTest.IntParamConstructor (0 ms)
[----------] 1 test from ConstructorTest (0 ms total)

[----------] Global test environment tear-down
[==========] 1 test from 1 test suite ran. (0 ms total)
[  PASSED  ] 1 test.
<end of output>
Test time =   0.01 sec
----------------------------------------------------------
Test Passed.
"ConstructorTest.IntParamConstructor" end time: Nov 08 09:12 RTZ 2 (çèìà)
"ConstructorTest.IntParamConstructor" time elapsed: 00:00:00
----------------------------------------------------------

3/25 Testing: InsertTest.EndIntInsert
3/25 Test: InsertTest.EndIntInsert
Command: "E:/1/Creativity/Projects/C++/gameAlgs/Lab2/build/gTest.exe" "--gtest_filter=InsertTest.EndIntInsert" "--gtest_also_run_disabled_tests"
Directory: E:/1/Creativity/Projects/C++/gameAlgs/Lab2/build
"InsertTest.EndIntInsert" start time: Nov 08 09:12 RTZ 2 (çèìà)
Output:
----------------------------------------------------------
Running main() from E:\1\Creativity\Projects\C++\gameAlgs\Lab2\googletest\googletest\src\gtest_main.cc
Note: Google Test filter = InsertTest.EndIntInsert
[==========] Running 1 test from 1 test suite.
[----------] Global test environment set-up.
[----------] 1 test from InsertTest
[ RUN      ] InsertTest.EndIntInsert
[       OK ] InsertTest.EndIntInsert (0 ms)
[----------] 1 test from InsertTest (0 ms total)

[----------] Global test environment tear-down
[==========] 1 test from 1 test suite ran. (0 ms total)
[  PASSED  ] 1 test.
<end of output>
Test time =   0.01 sec
----------------------------------------------------------
Test Passed.
"InsertTest.EndIntInsert" end time: Nov 08 09:12 RTZ 2 (çèìà)
"InsertTest.EndIntInsert" time elapsed: 00:00:00
----------------------------------------------------------

4/25 Testing: InsertTest.EndInsertMoreThanMaxCapacity
4/25 Test: InsertTest.EndInsertMoreThanMaxCapacity
Command: "E:/1/Creativity/Projects/C++/gameAlgs/Lab2/build/gTest.exe" "--gtest_filter=InsertTest.EndInsertMoreThanMaxCapacity" "--gtest_also_run_disabled_tests"
Directory: E:/1/Creativity/Projects/C++/gameAlgs/Lab2/build
"InsertTest.EndInsertMoreThanMaxCapacity" start time: Nov 08 09:12 RTZ 2 (çèìà)
Output:
----------------------------------------------------------
Running main() from E:\1\Creativity\Projects\C++\gameAlgs\Lab2\googletest\googletest\src\gtest_main.cc
Note: Google Test filter = InsertTest.EndInsertMoreThanMaxCapacity
[==========] Running 1 test from 1 test suite.
[----------] Global test environment set-up.
[----------] 1 test from InsertTest
[ RUN      ] InsertTest.EndInsertMoreThanMaxCapacity
[       OK ] InsertTest.EndInsertMoreThanMaxCapacity (0 ms)
[----------] 1 test from InsertTest (0 ms total)

[----------] Global test environment tear-down
[==========] 1 test from 1 test suite ran. (0 ms total)
[  PASSED  ] 1 test.
<end of output>
Test time =   0.01 sec
----------------------------------------------------------
Test Passed.
"InsertTest.EndInsertMoreThanMaxCapacity" end time: Nov 08 09:12 RTZ 2 (çèìà)
"InsertTest.EndInsertMoreThanMaxCapacity" time elapsed: 00:00:00
----------------------------------------------------------

5/25 Testing: InsertTest.EndStringInsert
5/25 Test: InsertTest.EndStringInsert
Command: "E:/1/Creativity/Projects/C++/gameAlgs/Lab2/build/gTest.exe" "--gtest_filter=InsertTest.EndStringInsert" "--gtest_also_run_disabled_tests"
Directory: E:/1/Creativity/Projects/C++/gameAlgs/Lab2/build
"InsertTest.EndStringInsert" start time: Nov 08 09:12 RTZ 2 (çèìà)
Output:
----------------------------------------------------------
Running main() from E:\1\Creativity\Projects\C++\gameAlgs\Lab2\googletest\googletest\src\gtest_main.cc
Note: Google Test filter = InsertTest.EndStringInsert
[==========] Running 1 test from 1 test suite.
[----------] Global test environment set-up.
[----------] 1 test from InsertTest
[ RUN      ] InsertTest.EndStringInsert
[       OK ] InsertTest.EndStringInsert (0 ms)
[----------] 1 test from InsertTest (0 ms total)

[----------] Global test environment tear-down
[==========] 1 test from 1 test suite ran. (0 ms total)
[  PASSED  ] 1 test.
<end of output>
Test time =   0.01 sec
----------------------------------------------------------
Test Passed.
"InsertTest.EndStringInsert" end time: Nov 08 09:12 RTZ 2 (çèìà)
"InsertTest.EndStringInsert" time elapsed: 00:00:00
----------------------------------------------------------

6/25 Testing: InsertTest.EndStringInsertMoreThanMaxCapacity
6/25 Test: InsertTest.EndStringInsertMoreThanMaxCapacity
Command: "E:/1/Creativity/Projects/C++/gameAlgs/Lab2/build/gTest.exe" "--gtest_filter=InsertTest.EndStringInsertMoreThanMaxCapacity" "--gtest_also_run_disabled_tests"
Directory: E:/1/Creativity/Projects/C++/gameAlgs/Lab2/build
"InsertTest.EndStringInsertMoreThanMaxCapacity" start time: Nov 08 09:12 RTZ 2 (çèìà)
Output:
----------------------------------------------------------
Running main() from E:\1\Creativity\Projects\C++\gameAlgs\Lab2\googletest\googletest\src\gtest_main.cc
Note: Google Test filter = InsertTest.EndStringInsertMoreThanMaxCapacity
[==========] Running 1 test from 1 test suite.
[----------] Global test environment set-up.
[----------] 1 test from InsertTest
[ RUN      ] InsertTest.EndStringInsertMoreThanMaxCapacity
[       OK ] InsertTest.EndStringInsertMoreThanMaxCapacity (0 ms)
[----------] 1 test from InsertTest (0 ms total)

[----------] Global test environment tear-down
[==========] 1 test from 1 test suite ran. (0 ms total)
[  PASSED  ] 1 test.
<end of output>
Test time =   0.01 sec
----------------------------------------------------------
Test Passed.
"InsertTest.EndStringInsertMoreThanMaxCapacity" end time: Nov 08 09:12 RTZ 2 (çèìà)
"InsertTest.EndStringInsertMoreThanMaxCapacity" time elapsed: 00:00:00
----------------------------------------------------------

7/25 Testing: InsertTest.InsertAfterRemoveString
7/25 Test: InsertTest.InsertAfterRemoveString
Command: "E:/1/Creativity/Projects/C++/gameAlgs/Lab2/build/gTest.exe" "--gtest_filter=InsertTest.InsertAfterRemoveString" "--gtest_also_run_disabled_tests"
Directory: E:/1/Creativity/Projects/C++/gameAlgs/Lab2/build
"InsertTest.InsertAfterRemoveString" start time: Nov 08 09:12 RTZ 2 (çèìà)
Output:
----------------------------------------------------------
Running main() from E:\1\Creativity\Projects\C++\gameAlgs\Lab2\googletest\googletest\src\gtest_main.cc
Note: Google Test filter = InsertTest.InsertAfterRemoveString
[==========] Running 1 test from 1 test suite.
[----------] Global test environment set-up.
[----------] 1 test from InsertTest
[ RUN      ] InsertTest.InsertAfterRemoveString
[       OK ] InsertTest.InsertAfterRemoveString (0 ms)
[----------] 1 test from InsertTest (0 ms total)

[----------] Global test environment tear-down
[==========] 1 test from 1 test suite ran. (0 ms total)
[  PASSED  ] 1 test.
<end of output>
Test time =   0.01 sec
----------------------------------------------------------
Test Passed.
"InsertTest.InsertAfterRemoveString" end time: Nov 08 09:12 RTZ 2 (çèìà)
"InsertTest.InsertAfterRemoveString" time elapsed: 00:00:00
----------------------------------------------------------

8/25 Testing: CopyTest.MoveConstructorWithEmpty
8/25 Test: CopyTest.MoveConstructorWithEmpty
Command: "E:/1/Creativity/Projects/C++/gameAlgs/Lab2/build/gTest.exe" "--gtest_filter=CopyTest.MoveConstructorWithEmpty" "--gtest_also_run_disabled_tests"
Directory: E:/1/Creativity/Projects/C++/gameAlgs/Lab2/build
"CopyTest.MoveConstructorWithEmpty" start time: Nov 08 09:12 RTZ 2 (çèìà)
Output:
----------------------------------------------------------
Running main() from E:\1\Creativity\Projects\C++\gameAlgs\Lab2\googletest\googletest\src\gtest_main.cc
Note: Google Test filter = CopyTest.MoveConstructorWithEmpty
[==========] Running 1 test from 1 test suite.
[----------] Global test environment set-up.
[----------] 1 test from CopyTest
[ RUN      ] CopyTest.MoveConstructorWithEmpty
[       OK ] CopyTest.MoveConstructorWithEmpty (0 ms)
[----------] 1 test from CopyTest (0 ms total)

[----------] Global test environment tear-down
[==========] 1 test from 1 test suite ran. (0 ms total)
[  PASSED  ] 1 test.
<end of output>
Test time =   0.01 sec
----------------------------------------------------------
Test Passed.
"CopyTest.MoveConstructorWithEmpty" end time: Nov 08 09:12 RTZ 2 (çèìà)
"CopyTest.MoveConstructorWithEmpty" time elapsed: 00:00:00
----------------------------------------------------------

9/25 Testing: CopyTest.MoveConstructorInt
9/25 Test: CopyTest.MoveConstructorInt
Command: "E:/1/Creativity/Projects/C++/gameAlgs/Lab2/build/gTest.exe" "--gtest_filter=CopyTest.MoveConstructorInt" "--gtest_also_run_disabled_tests"
Directory: E:/1/Creativity/Projects/C++/gameAlgs/Lab2/build
"CopyTest.MoveConstructorInt" start time: Nov 08 09:12 RTZ 2 (çèìà)
Output:
----------------------------------------------------------
Running main() from E:\1\Creativity\Projects\C++\gameAlgs\Lab2\googletest\googletest\src\gtest_main.cc
Note: Google Test filter = CopyTest.MoveConstructorInt
[==========] Running 1 test from 1 test suite.
[----------] Global test environment set-up.
[----------] 1 test from CopyTest
[ RUN      ] CopyTest.MoveConstructorInt
[       OK ] CopyTest.MoveConstructorInt (0 ms)
[----------] 1 test from CopyTest (0 ms total)

[----------] Global test environment tear-down
[==========] 1 test from 1 test suite ran. (0 ms total)
[  PASSED  ] 1 test.
<end of output>
Test time =   0.01 sec
----------------------------------------------------------
Test Passed.
"CopyTest.MoveConstructorInt" end time: Nov 08 09:12 RTZ 2 (çèìà)
"CopyTest.MoveConstructorInt" time elapsed: 00:00:00
----------------------------------------------------------

10/25 Testing: CopyTest.MoveConstructorString
10/25 Test: CopyTest.MoveConstructorString
Command: "E:/1/Creativity/Projects/C++/gameAlgs/Lab2/build/gTest.exe" "--gtest_filter=CopyTest.MoveConstructorString" "--gtest_also_run_disabled_tests"
Directory: E:/1/Creativity/Projects/C++/gameAlgs/Lab2/build
"CopyTest.MoveConstructorString" start time: Nov 08 09:12 RTZ 2 (çèìà)
Output:
----------------------------------------------------------
Running main() from E:\1\Creativity\Projects\C++\gameAlgs\Lab2\googletest\googletest\src\gtest_main.cc
Note: Google Test filter = CopyTest.MoveConstructorString
[==========] Running 1 test from 1 test suite.
[----------] Global test environment set-up.
[----------] 1 test from CopyTest
[ RUN      ] CopyTest.MoveConstructorString
[       OK ] CopyTest.MoveConstructorString (0 ms)
[----------] 1 test from CopyTest (0 ms total)

[----------] Global test environment tear-down
[==========] 1 test from 1 test suite ran. (0 ms total)
[  PASSED  ] 1 test.
<end of output>
Test time =   0.01 sec
----------------------------------------------------------
Test Passed.
"CopyTest.MoveConstructorString" end time: Nov 08 09:12 RTZ 2 (çèìà)
"CopyTest.MoveConstructorString" time elapsed: 00:00:00
----------------------------------------------------------

11/25 Testing: CopyTest.CopyConstructorWithEmpty
11/25 Test: CopyTest.CopyConstructorWithEmpty
Command: "E:/1/Creativity/Projects/C++/gameAlgs/Lab2/build/gTest.exe" "--gtest_filter=CopyTest.CopyConstructorWithEmpty" "--gtest_also_run_disabled_tests"
Directory: E:/1/Creativity/Projects/C++/gameAlgs/Lab2/build
"CopyTest.CopyConstructorWithEmpty" start time: Nov 08 09:12 RTZ 2 (çèìà)
Output:
----------------------------------------------------------
Running main() from E:\1\Creativity\Projects\C++\gameAlgs\Lab2\googletest\googletest\src\gtest_main.cc
Note: Google Test filter = CopyTest.CopyConstructorWithEmpty
[==========] Running 1 test from 1 test suite.
[----------] Global test environment set-up.
[----------] 1 test from CopyTest
[ RUN      ] CopyTest.CopyConstructorWithEmpty
[       OK ] CopyTest.CopyConstructorWithEmpty (0 ms)
[----------] 1 test from CopyTest (0 ms total)

[----------] Global test environment tear-down
[==========] 1 test from 1 test suite ran. (0 ms total)
[  PASSED  ] 1 test.
<end of output>
Test time =   0.01 sec
----------------------------------------------------------
Test Passed.
"CopyTest.CopyConstructorWithEmpty" end time: Nov 08 09:12 RTZ 2 (çèìà)
"CopyTest.CopyConstructorWithEmpty" time elapsed: 00:00:00
----------------------------------------------------------

12/25 Testing: CopyTest.CopyConstructorInt
12/25 Test: CopyTest.CopyConstructorInt
Command: "E:/1/Creativity/Projects/C++/gameAlgs/Lab2/build/gTest.exe" "--gtest_filter=CopyTest.CopyConstructorInt" "--gtest_also_run_disabled_tests"
Directory: E:/1/Creativity/Projects/C++/gameAlgs/Lab2/build
"CopyTest.CopyConstructorInt" start time: Nov 08 09:12 RTZ 2 (çèìà)
Output:
----------------------------------------------------------
Running main() from E:\1\Creativity\Projects\C++\gameAlgs\Lab2\googletest\googletest\src\gtest_main.cc
Note: Google Test filter = CopyTest.CopyConstructorInt
[==========] Running 1 test from 1 test suite.
[----------] Global test environment set-up.
[----------] 1 test from CopyTest
[ RUN      ] CopyTest.CopyConstructorInt
[       OK ] CopyTest.CopyConstructorInt (0 ms)
[----------] 1 test from CopyTest (0 ms total)

[----------] Global test environment tear-down
[==========] 1 test from 1 test suite ran. (0 ms total)
[  PASSED  ] 1 test.
<end of output>
Test time =   0.01 sec
----------------------------------------------------------
Test Passed.
"CopyTest.CopyConstructorInt" end time: Nov 08 09:12 RTZ 2 (çèìà)
"CopyTest.CopyConstructorInt" time elapsed: 00:00:00
----------------------------------------------------------

13/25 Testing: CopyTest.CopyConstructorString
13/25 Test: CopyTest.CopyConstructorString
Command: "E:/1/Creativity/Projects/C++/gameAlgs/Lab2/build/gTest.exe" "--gtest_filter=CopyTest.CopyConstructorString" "--gtest_also_run_disabled_tests"
Directory: E:/1/Creativity/Projects/C++/gameAlgs/Lab2/build
"CopyTest.CopyConstructorString" start time: Nov 08 09:12 RTZ 2 (çèìà)
Output:
----------------------------------------------------------
Running main() from E:\1\Creativity\Projects\C++\gameAlgs\Lab2\googletest\googletest\src\gtest_main.cc
Note: Google Test filter = CopyTest.CopyConstructorString
[==========] Running 1 test from 1 test suite.
[----------] Global test environment set-up.
[----------] 1 test from CopyTest
[ RUN      ] CopyTest.CopyConstructorString
[       OK ] CopyTest.CopyConstructorString (0 ms)
[----------] 1 test from CopyTest (0 ms total)

[----------] Global test environment tear-down
[==========] 1 test from 1 test suite ran. (0 ms total)
[  PASSED  ] 1 test.
<end of output>
Test time =   0.01 sec
----------------------------------------------------------
Test Passed.
"CopyTest.CopyConstructorString" end time: Nov 08 09:12 RTZ 2 (çèìà)
"CopyTest.CopyConstructorString" time elapsed: 00:00:00
----------------------------------------------------------

14/25 Testing: AssigmentTest.MoveCopyAssigment
14/25 Test: AssigmentTest.MoveCopyAssigment
Command: "E:/1/Creativity/Projects/C++/gameAlgs/Lab2/build/gTest.exe" "--gtest_filter=AssigmentTest.MoveCopyAssigment" "--gtest_also_run_disabled_tests"
Directory: E:/1/Creativity/Projects/C++/gameAlgs/Lab2/build
"AssigmentTest.MoveCopyAssigment" start time: Nov 08 09:12 RTZ 2 (çèìà)
Output:
----------------------------------------------------------
Running main() from E:\1\Creativity\Projects\C++\gameAlgs\Lab2\googletest\googletest\src\gtest_main.cc
Note: Google Test filter = AssigmentTest.MoveCopyAssigment
[==========] Running 1 test from 1 test suite.
[----------] Global test environment set-up.
[----------] 1 test from AssigmentTest
[ RUN      ] AssigmentTest.MoveCopyAssigment
[       OK ] AssigmentTest.MoveCopyAssigment (0 ms)
[----------] 1 test from AssigmentTest (0 ms total)

[----------] Global test environment tear-down
[==========] 1 test from 1 test suite ran. (0 ms total)
[  PASSED  ] 1 test.
<end of output>
Test time =   0.01 sec
----------------------------------------------------------
Test Passed.
"AssigmentTest.MoveCopyAssigment" end time: Nov 08 09:12 RTZ 2 (çèìà)
"AssigmentTest.MoveCopyAssigment" time elapsed: 00:00:00
----------------------------------------------------------

15/25 Testing: SubscriptOperatorTest.ReturnNonConstInt
15/25 Test: SubscriptOperatorTest.ReturnNonConstInt
Command: "E:/1/Creativity/Projects/C++/gameAlgs/Lab2/build/gTest.exe" "--gtest_filter=SubscriptOperatorTest.ReturnNonConstInt" "--gtest_also_run_disabled_tests"
Directory: E:/1/Creativity/Projects/C++/gameAlgs/Lab2/build
"SubscriptOperatorTest.ReturnNonConstInt" start time: Nov 08 09:12 RTZ 2 (çèìà)
Output:
----------------------------------------------------------
Running main() from E:\1\Creativity\Projects\C++\gameAlgs\Lab2\googletest\googletest\src\gtest_main.cc
Note: Google Test filter = SubscriptOperatorTest.ReturnNonConstInt
[==========] Running 1 test from 1 test suite.
[----------] Global test environment set-up.
[----------] 1 test from SubscriptOperatorTest
[ RUN      ] SubscriptOperatorTest.ReturnNonConstInt
[       OK ] SubscriptOperatorTest.ReturnNonConstInt (0 ms)
[----------] 1 test from SubscriptOperatorTest (0 ms total)

[----------] Global test environment tear-down
[==========] 1 test from 1 test suite ran. (0 ms total)
[  PASSED  ] 1 test.
<end of output>
Test time =   0.01 sec
----------------------------------------------------------
Test Passed.
"SubscriptOperatorTest.ReturnNonConstInt" end time: Nov 08 09:12 RTZ 2 (çèìà)
"SubscriptOperatorTest.ReturnNonConstInt" time elapsed: 00:00:00
----------------------------------------------------------

16/25 Testing: SubscriptOperatorTest.ReturnNonConstString
16/25 Test: SubscriptOperatorTest.ReturnNonConstString
Command: "E:/1/Creativity/Projects/C++/gameAlgs/Lab2/build/gTest.exe" "--gtest_filter=SubscriptOperatorTest.ReturnNonConstString" "--gtest_also_run_disabled_tests"
Directory: E:/1/Creativity/Projects/C++/gameAlgs/Lab2/build
"SubscriptOperatorTest.ReturnNonConstString" start time: Nov 08 09:12 RTZ 2 (çèìà)
Output:
----------------------------------------------------------
Running main() from E:\1\Creativity\Projects\C++\gameAlgs\Lab2\googletest\googletest\src\gtest_main.cc
Note: Google Test filter = SubscriptOperatorTest.ReturnNonConstString
[==========] Running 1 test from 1 test suite.
[----------] Global test environment set-up.
[----------] 1 test from SubscriptOperatorTest
[ RUN      ] SubscriptOperatorTest.ReturnNonConstString
[       OK ] SubscriptOperatorTest.ReturnNonConstString (0 ms)
[----------] 1 test from SubscriptOperatorTest (0 ms total)

[----------] Global test environment tear-down
[==========] 1 test from 1 test suite ran. (0 ms total)
[  PASSED  ] 1 test.
<end of output>
Test time =   0.01 sec
----------------------------------------------------------
Test Passed.
"SubscriptOperatorTest.ReturnNonConstString" end time: Nov 08 09:12 RTZ 2 (çèìà)
"SubscriptOperatorTest.ReturnNonConstString" time elapsed: 00:00:00
----------------------------------------------------------

17/25 Testing: SubscriptOperatorTest.ReturnConstInt
17/25 Test: SubscriptOperatorTest.ReturnConstInt
Command: "E:/1/Creativity/Projects/C++/gameAlgs/Lab2/build/gTest.exe" "--gtest_filter=SubscriptOperatorTest.ReturnConstInt" "--gtest_also_run_disabled_tests"
Directory: E:/1/Creativity/Projects/C++/gameAlgs/Lab2/build
"SubscriptOperatorTest.ReturnConstInt" start time: Nov 08 09:12 RTZ 2 (çèìà)
Output:
----------------------------------------------------------
Running main() from E:\1\Creativity\Projects\C++\gameAlgs\Lab2\googletest\googletest\src\gtest_main.cc
Note: Google Test filter = SubscriptOperatorTest.ReturnConstInt
[==========] Running 1 test from 1 test suite.
[----------] Global test environment set-up.
[----------] 1 test from SubscriptOperatorTest
[ RUN      ] SubscriptOperatorTest.ReturnConstInt
[       OK ] SubscriptOperatorTest.ReturnConstInt (0 ms)
[----------] 1 test from SubscriptOperatorTest (0 ms total)

[----------] Global test environment tear-down
[==========] 1 test from 1 test suite ran. (0 ms total)
[  PASSED  ] 1 test.
<end of output>
Test time =   0.01 sec
----------------------------------------------------------
Test Passed.
"SubscriptOperatorTest.ReturnConstInt" end time: Nov 08 09:12 RTZ 2 (çèìà)
"SubscriptOperatorTest.ReturnConstInt" time elapsed: 00:00:00
----------------------------------------------------------

18/25 Testing: SubscriptOperatorTest.ReturnConstString
18/25 Test: SubscriptOperatorTest.ReturnConstString
Command: "E:/1/Creativity/Projects/C++/gameAlgs/Lab2/build/gTest.exe" "--gtest_filter=SubscriptOperatorTest.ReturnConstString" "--gtest_also_run_disabled_tests"
Directory: E:/1/Creativity/Projects/C++/gameAlgs/Lab2/build
"SubscriptOperatorTest.ReturnConstString" start time: Nov 08 09:12 RTZ 2 (çèìà)
Output:
----------------------------------------------------------
Running main() from E:\1\Creativity\Projects\C++\gameAlgs\Lab2\googletest\googletest\src\gtest_main.cc
Note: Google Test filter = SubscriptOperatorTest.ReturnConstString
[==========] Running 1 test from 1 test suite.
[----------] Global test environment set-up.
[----------] 1 test from SubscriptOperatorTest
[ RUN      ] SubscriptOperatorTest.ReturnConstString
[       OK ] SubscriptOperatorTest.ReturnConstString (0 ms)
[----------] 1 test from SubscriptOperatorTest (0 ms total)

[----------] Global test environment tear-down
[==========] 1 test from 1 test suite ran. (0 ms total)
[  PASSED  ] 1 test.
<end of output>
Test time =   0.01 sec
----------------------------------------------------------
Test Passed.
"SubscriptOperatorTest.ReturnConstString" end time: Nov 08 09:12 RTZ 2 (çèìà)
"SubscriptOperatorTest.ReturnConstString" time elapsed: 00:00:00
----------------------------------------------------------

19/25 Testing: RemoveTest.RemoveInt
19/25 Test: RemoveTest.RemoveInt
Command: "E:/1/Creativity/Projects/C++/gameAlgs/Lab2/build/gTest.exe" "--gtest_filter=RemoveTest.RemoveInt" "--gtest_also_run_disabled_tests"
Directory: E:/1/Creativity/Projects/C++/gameAlgs/Lab2/build
"RemoveTest.RemoveInt" start time: Nov 08 09:12 RTZ 2 (çèìà)
Output:
----------------------------------------------------------
Running main() from E:\1\Creativity\Projects\C++\gameAlgs\Lab2\googletest\googletest\src\gtest_main.cc
Note: Google Test filter = RemoveTest.RemoveInt
[==========] Running 1 test from 1 test suite.
[----------] Global test environment set-up.
[----------] 1 test from RemoveTest
[ RUN      ] RemoveTest.RemoveInt
[       OK ] RemoveTest.RemoveInt (0 ms)
[----------] 1 test from RemoveTest (0 ms total)

[----------] Global test environment tear-down
[==========] 1 test from 1 test suite ran. (0 ms total)
[  PASSED  ] 1 test.
<end of output>
Test time =   0.01 sec
----------------------------------------------------------
Test Passed.
"RemoveTest.RemoveInt" end time: Nov 08 09:12 RTZ 2 (çèìà)
"RemoveTest.RemoveInt" time elapsed: 00:00:00
----------------------------------------------------------

20/25 Testing: RemoveTest.RemoveString
20/25 Test: RemoveTest.RemoveString
Command: "E:/1/Creativity/Projects/C++/gameAlgs/Lab2/build/gTest.exe" "--gtest_filter=RemoveTest.RemoveString" "--gtest_also_run_disabled_tests"
Directory: E:/1/Creativity/Projects/C++/gameAlgs/Lab2/build
"RemoveTest.RemoveString" start time: Nov 08 09:12 RTZ 2 (çèìà)
Output:
----------------------------------------------------------
Running main() from E:\1\Creativity\Projects\C++\gameAlgs\Lab2\googletest\googletest\src\gtest_main.cc
Note: Google Test filter = RemoveTest.RemoveString
[==========] Running 1 test from 1 test suite.
[----------] Global test environment set-up.
[----------] 1 test from RemoveTest
[ RUN      ] RemoveTest.RemoveString
[       OK ] RemoveTest.RemoveString (0 ms)
[----------] 1 test from RemoveTest (0 ms total)

[----------] Global test environment tear-down
[==========] 1 test from 1 test suite ran. (0 ms total)
[  PASSED  ] 1 test.
<end of output>
Test time =   0.01 sec
----------------------------------------------------------
Test Passed.
"RemoveTest.RemoveString" end time: Nov 08 09:12 RTZ 2 (çèìà)
"RemoveTest.RemoveString" time elapsed: 00:00:00
----------------------------------------------------------

21/25 Testing: RemoveTest.RemoveStringMiddle
21/25 Test: RemoveTest.RemoveStringMiddle
Command: "E:/1/Creativity/Projects/C++/gameAlgs/Lab2/build/gTest.exe" "--gtest_filter=RemoveTest.RemoveStringMiddle" "--gtest_also_run_disabled_tests"
Directory: E:/1/Creativity/Projects/C++/gameAlgs/Lab2/build
"RemoveTest.RemoveStringMiddle" start time: Nov 08 09:12 RTZ 2 (çèìà)
Output:
----------------------------------------------------------
Running main() from E:\1\Creativity\Projects\C++\gameAlgs\Lab2\googletest\googletest\src\gtest_main.cc
Note: Google Test filter = RemoveTest.RemoveStringMiddle
[==========] Running 1 test from 1 test suite.
[----------] Global test environment set-up.
[----------] 1 test from RemoveTest
[ RUN      ] RemoveTest.RemoveStringMiddle
[       OK ] RemoveTest.RemoveStringMiddle (0 ms)
[----------] 1 test from RemoveTest (0 ms total)

[----------] Global test environment tear-down
[==========] 1 test from 1 test suite ran. (0 ms total)
[  PASSED  ] 1 test.
<end of output>
Test time =   0.01 sec
----------------------------------------------------------
Test Passed.
"RemoveTest.RemoveStringMiddle" end time: Nov 08 09:12 RTZ 2 (çèìà)
"RemoveTest.RemoveStringMiddle" time elapsed: 00:00:00
----------------------------------------------------------

22/25 Testing: IteratorTest.BeginIterator
22/25 Test: IteratorTest.BeginIterator
Command: "E:/1/Creativity/Projects/C++/gameAlgs/Lab2/build/gTest.exe" "--gtest_filter=IteratorTest.BeginIterator" "--gtest_also_run_disabled_tests"
Directory: E:/1/Creativity/Projects/C++/gameAlgs/Lab2/build
"IteratorTest.BeginIterator" start time: Nov 08 09:12 RTZ 2 (çèìà)
Output:
----------------------------------------------------------
Running main() from E:\1\Creativity\Projects\C++\gameAlgs\Lab2\googletest\googletest\src\gtest_main.cc
Note: Google Test filter = IteratorTest.BeginIterator
[==========] Running 1 test from 1 test suite.
[----------] Global test environment set-up.
[----------] 1 test from IteratorTest
[ RUN      ] IteratorTest.BeginIterator
[       OK ] IteratorTest.BeginIterator (0 ms)
[----------] 1 test from IteratorTest (0 ms total)

[----------] Global test environment tear-down
[==========] 1 test from 1 test suite ran. (0 ms total)
[  PASSED  ] 1 test.
<end of output>
Test time =   0.01 sec
----------------------------------------------------------
Test Passed.
"IteratorTest.BeginIterator" end time: Nov 08 09:12 RTZ 2 (çèìà)
"IteratorTest.BeginIterator" time elapsed: 00:00:00
----------------------------------------------------------

23/25 Testing: IteratorTest.ReverseIterator
23/25 Test: IteratorTest.ReverseIterator
Command: "E:/1/Creativity/Projects/C++/gameAlgs/Lab2/build/gTest.exe" "--gtest_filter=IteratorTest.ReverseIterator" "--gtest_also_run_disabled_tests"
Directory: E:/1/Creativity/Projects/C++/gameAlgs/Lab2/build
"IteratorTest.ReverseIterator" start time: Nov 08 09:12 RTZ 2 (çèìà)
Output:
----------------------------------------------------------
Running main() from E:\1\Creativity\Projects\C++\gameAlgs\Lab2\googletest\googletest\src\gtest_main.cc
Note: Google Test filter = IteratorTest.ReverseIterator
[==========] Running 1 test from 1 test suite.
[----------] Global test environment set-up.
[----------] 1 test from IteratorTest
[ RUN      ] IteratorTest.ReverseIterator
[       OK ] IteratorTest.ReverseIterator (0 ms)
[----------] 1 test from IteratorTest (0 ms total)

[----------] Global test environment tear-down
[==========] 1 test from 1 test suite ran. (0 ms total)
[  PASSED  ] 1 test.
<end of output>
Test time =   0.01 sec
----------------------------------------------------------
Test Passed.
"IteratorTest.ReverseIterator" end time: Nov 08 09:12 RTZ 2 (çèìà)
"IteratorTest.ReverseIterator" time elapsed: 00:00:00
----------------------------------------------------------

24/25 Testing: IteratorTest.BeginConstIterator
24/25 Test: IteratorTest.BeginConstIterator
Command: "E:/1/Creativity/Projects/C++/gameAlgs/Lab2/build/gTest.exe" "--gtest_filter=IteratorTest.BeginConstIterator" "--gtest_also_run_disabled_tests"
Directory: E:/1/Creativity/Projects/C++/gameAlgs/Lab2/build
"IteratorTest.BeginConstIterator" start time: Nov 08 09:12 RTZ 2 (çèìà)
Output:
----------------------------------------------------------
Running main() from E:\1\Creativity\Projects\C++\gameAlgs\Lab2\googletest\googletest\src\gtest_main.cc
Note: Google Test filter = IteratorTest.BeginConstIterator
[==========] Running 1 test from 1 test suite.
[----------] Global test environment set-up.
[----------] 1 test from IteratorTest
[ RUN      ] IteratorTest.BeginConstIterator
[       OK ] IteratorTest.BeginConstIterator (0 ms)
[----------] 1 test from IteratorTest (0 ms total)

[----------] Global test environment tear-down
[==========] 1 test from 1 test suite ran. (0 ms total)
[  PASSED  ] 1 test.
<end of output>
Test time =   0.01 sec
----------------------------------------------------------
Test Passed.
"IteratorTest.BeginConstIterator" end time: Nov 08 09:12 RTZ 2 (çèìà)
"IteratorTest.BeginConstIterator" time elapsed: 00:00:00
----------------------------------------------------------

25/25 Testing: IteratorTest.ReverseConstIterator
25/25 Test: IteratorTest.ReverseConstIterator
Command: "E:/1/Creativity/Projects/C++/gameAlgs/Lab2/build/gTest.exe" "--gtest_filter=IteratorTest.ReverseConstIterator" "--gtest_also_run_disabled_tests"
Directory: E:/1/Creativity/Projects/C++/gameAlgs/Lab2/build
"IteratorTest.ReverseConstIterator" start time: Nov 08 09:12 RTZ 2 (çèìà)
Output:
----------------------------------------------------------
Running main() from E:\1\Creativity\Projects\C++\gameAlgs\Lab2\googletest\googletest\src\gtest_main.cc
Note: Google Test filter = IteratorTest.ReverseConstIterator
[==========] Running 1 test from 1 test suite.
[----------] Global test environment set-up.
[----------] 1 test from IteratorTest
[ RUN      ] IteratorTest.ReverseConstIterator
[       OK ] IteratorTest.ReverseConstIterator (0 ms)
[----------] 1 test from IteratorTest (0 ms total)

[----------] Global test environment tear-down
[==========] 1 test from 1 test suite ran. (0 ms total)
[  PASSED  ] 1 test.
<end of output>
Test time =   0.01 sec
----------------------------------------------------------
Test Passed.
"IteratorTest.ReverseConstIterator" end time: Nov 08 09:12 RTZ 2 (çèìà)
"IteratorTest.ReverseConstIterator" time elapsed: 00:00:00
----------------------------------------------------------

End testing: Nov 08 09:12 RTZ 2 (çèìà)
